0 info it worked if it ends with ok
1 verbose cli [ 'D:\\Program Files\\nodejs\\node.exe',
1 verbose cli   'D:\\Program Files\\nodejs\\node_modules\\npm\\bin\\npm-cli.js',
1 verbose cli   'publish' ]
2 info using npm@2.15.9
3 info using node@v4.5.0
4 verbose publish [ '.' ]
5 silly cache add args [ '.', null ]
6 verbose cache add spec .
7 silly cache add parsed spec Result {
7 silly cache add   raw: '.',
7 silly cache add   scope: null,
7 silly cache add   name: null,
7 silly cache add   rawSpec: '.',
7 silly cache add   spec: 'D:\\dev\\node\\cdva-make-merges',
7 silly cache add   type: 'directory' }
8 verbose addLocalDirectory C:\Users\johnwargo\AppData\Roaming\npm-cache\cdva-merges\0.0.7\package.tgz not in flight; packing
9 verbose correctMkdir C:\Users\johnwargo\AppData\Roaming\npm-cache correctMkdir not in flight; initializing
10 verbose tar pack [ 'C:\\Users\\johnwargo\\AppData\\Roaming\\npm-cache\\cdva-merges\\0.0.7\\package.tgz',
10 verbose tar pack   'D:\\dev\\node\\cdva-make-merges' ]
11 verbose tarball C:\Users\johnwargo\AppData\Roaming\npm-cache\cdva-merges\0.0.7\package.tgz
12 verbose folder D:\dev\node\cdva-make-merges
13 info prepublish cdva-merges@0.0.7
14 verbose addLocalTarball adding from inside cache C:\Users\johnwargo\AppData\Roaming\npm-cache\cdva-merges\0.0.7\package.tgz
15 verbose correctMkdir C:\Users\johnwargo\AppData\Roaming\npm-cache correctMkdir not in flight; initializing
16 silly cache afterAdd cdva-merges@0.0.7
17 verbose afterAdd C:\Users\johnwargo\AppData\Roaming\npm-cache\cdva-merges\0.0.7\package\package.json not in flight; writing
18 verbose correctMkdir C:\Users\johnwargo\AppData\Roaming\npm-cache correctMkdir not in flight; initializing
19 verbose afterAdd C:\Users\johnwargo\AppData\Roaming\npm-cache\cdva-merges\0.0.7\package\package.json written
20 silly publish { name: 'cdva-merges',
20 silly publish   version: '0.0.7',
20 silly publish   description: 'Automates the creation of the Cordova merges folders for each platform added to the project',
20 silly publish   keywords: [ 'cordova', 'merges' ],
20 silly publish   author:
20 silly publish    { name: 'John M. Wargo',
20 silly publish      email: 'john@johnwargo.com',
20 silly publish      url: 'http://www.johnwargo.com/' },
20 silly publish   license: 'Apache-2.0',
20 silly publish   main: 'cordova-make-merges.js',
20 silly publish   preferGlobal: true,
20 silly publish   scripts: { test: 'echo "Error: no test specified" && exit 1' },
20 silly publish   bin: { 'cdva-merges': 'cordova-make-merges.js' },
20 silly publish   repository:
20 silly publish    { type: 'git',
20 silly publish      url: 'git+https://github.com/johnwargo/make-merges.git' },
20 silly publish   dependencies: { colors: '^1.1.2' },
20 silly publish   readme: 'Cordova Make Merges (cdva-merges)\n=================================\n\nA node module that automates the creation of a Cordova project\'s merges folders, using the project\'s list of platforms as a guide.\n\nEarlier versions of the Cordova CLI included the merges folder in the default project structure it created. For some bizarre reason, the Cordova Dev team thought that removing the merges folder would be less confusing for users. So, the merges folder no longer exists, and is no longer even documented. To use this feature, you\'ll have to manually create folders for each target platform or use this module.\n\nUsing `cdva-merges`, a developer can automatically create merges folders for each of the target platforms currently configured for a Cordova project. Simply issue the command and it\'s done for you.\n\nInstallation\n------------\n\nTo install the module, open a terminal window and execute the following command:\n\n\tnpm install -g cdva-merges\n\nUsage\n------------\n\nExecute the module by executing the `cdva-merges` command at a command-line. \n\nThe module accepts the following command-line switch:\n\n`?` - Display the help file\n\n**Examples:**\n\nTo display this help file, issue the following command:\n\n    cdva-merges ?\n\t\nTo create merges folders for each platform added to a Cordova application project use the following command:\n\n    cdva-merges\n\nThe module will read the Cordova project\'s configuration to determine which platforms have been added then make sure the merges folder exists (if not, it will create it for you), then create a folder in the merges folder for each platform.\n\n***\nBy [John M. Wargo](http://www.johnwargo.com) - If you find this code useful, and feel like thanking me for providing it, please consider making a purchase from [my Amazon Wish List](https://amzn.com/w/1WI6AAUKPT5P9). You can find information on many different topics on my [personal blog](http://www.johnwargo.com). Learn about all of my publications at [John Wargo Books](http://www.johnwargobooks.com). \n            ',
20 silly publish   readmeFilename: 'README.md',
20 silly publish   gitHead: 'a76f553529bd41b75b183e026a13681e7541c1f2',
20 silly publish   bugs: { url: 'https://github.com/johnwargo/make-merges/issues' },
20 silly publish   homepage: 'https://github.com/johnwargo/make-merges#readme',
20 silly publish   _id: 'cdva-merges@0.0.7',
20 silly publish   _shasum: '86132244c0f3a0a35b3deb7d258b215f266f8d49',
20 silly publish   _from: '.' }
21 verbose getPublishConfig undefined
22 silly mapToRegistry name cdva-merges
23 silly mapToRegistry using default registry
24 silly mapToRegistry registry https://registry.npmjs.org/
25 silly mapToRegistry data Result {
25 silly mapToRegistry   raw: 'cdva-merges',
25 silly mapToRegistry   scope: null,
25 silly mapToRegistry   name: 'cdva-merges',
25 silly mapToRegistry   rawSpec: '',
25 silly mapToRegistry   spec: 'latest',
25 silly mapToRegistry   type: 'tag' }
26 silly mapToRegistry uri https://registry.npmjs.org/cdva-merges
27 verbose publish registryBase https://registry.npmjs.org/
28 silly publish uploading C:\Users\johnwargo\AppData\Roaming\npm-cache\cdva-merges\0.0.7\package.tgz
29 verbose request uri https://registry.npmjs.org/cdva-merges
30 verbose request sending authorization for write operation
31 info attempt registry request try #1 at 7:08:26 PM
32 verbose request using bearer token for auth
33 verbose request id 88714f6fa8876845
34 http request PUT https://registry.npmjs.org/cdva-merges
35 http 403 https://registry.npmjs.org/cdva-merges
36 verbose headers { 'content-type': 'application/json',
36 verbose headers   'cache-control': 'max-age=300',
36 verbose headers   'content-length': '95',
36 verbose headers   'accept-ranges': 'bytes',
36 verbose headers   date: 'Sat, 08 Oct 2016 23:08:25 GMT',
36 verbose headers   via: '1.1 varnish',
36 verbose headers   connection: 'keep-alive',
36 verbose headers   'x-served-by': 'cache-atl6246-ATL',
36 verbose headers   'x-cache': 'MISS',
36 verbose headers   'x-cache-hits': '0',
36 verbose headers   'x-timer': 'S1475968104.636548,VS0,VE1130',
36 verbose headers   vary: 'Accept-Encoding' }
37 verbose request invalidating C:\Users\johnwargo\AppData\Roaming\npm-cache\registry.npmjs.org\cdva-merges on PUT
38 error publish Failed PUT 403
39 verbose stack Error: "You cannot publish over the previously published version 0.0.7." : cdva-merges
39 verbose stack     at makeError (D:\Program Files\nodejs\node_modules\npm\node_modules\npm-registry-client\lib\request.js:264:12)
39 verbose stack     at CachingRegistryClient.<anonymous> (D:\Program Files\nodejs\node_modules\npm\node_modules\npm-registry-client\lib\request.js:252:14)
39 verbose stack     at Request._callback (D:\Program Files\nodejs\node_modules\npm\node_modules\npm-registry-client\lib\request.js:172:14)
39 verbose stack     at Request.self.callback (D:\Program Files\nodejs\node_modules\npm\node_modules\request\request.js:200:22)
39 verbose stack     at emitTwo (events.js:87:13)
39 verbose stack     at Request.emit (events.js:172:7)
39 verbose stack     at Request.<anonymous> (D:\Program Files\nodejs\node_modules\npm\node_modules\request\request.js:1067:10)
39 verbose stack     at emitOne (events.js:82:20)
39 verbose stack     at Request.emit (events.js:169:7)
39 verbose stack     at IncomingMessage.<anonymous> (D:\Program Files\nodejs\node_modules\npm\node_modules\request\request.js:988:12)
40 verbose statusCode 403
41 verbose pkgid cdva-merges
42 verbose cwd D:\dev\node\cdva-make-merges
43 error Windows_NT 10.0.14393
44 error argv "D:\\Program Files\\nodejs\\node.exe" "D:\\Program Files\\nodejs\\node_modules\\npm\\bin\\npm-cli.js" "publish"
45 error node v4.5.0
46 error npm  v2.15.9
47 error code E403
48 error "You cannot publish over the previously published version 0.0.7." : cdva-merges
49 error If you need help, you may report this error at:
49 error     <https://github.com/npm/npm/issues>
50 verbose exit [ 1, true ]
